[debug] [2021-07-20T15:38:21.132Z] ----------------------------------------------------------------------
[debug] [2021-07-20T15:38:21.136Z] Command:       C:\Program Files\nodejs\node.exe C:\Users\nihil\AppData\Roaming\npm\node_modules\firebase-tools\lib\bin\firebase.js init
[debug] [2021-07-20T15:38:21.138Z] CLI Version:   9.16.0
[debug] [2021-07-20T15:38:21.138Z] Platform:      win32
[debug] [2021-07-20T15:38:21.138Z] Node Version:  v14.16.0
[debug] [2021-07-20T15:38:21.141Z] Time:          Tue Jul 20 2021 21:08:21 GMT+0530 (India Standard Time)
[debug] [2021-07-20T15:38:21.141Z] ----------------------------------------------------------------------
[debug] 
[debug] [2021-07-20T15:38:21.148Z] >>> [apiv2][query] GET https://firebase-public.firebaseio.com/cli.json [none]
[debug] [2021-07-20T15:38:21.201Z] > command requires scopes: ["email","openid","https://www.googleapis.com/auth/cloudplatformprojects.readonly","https://www.googleapis.com/auth/firebase","https://www.googleapis.com/auth/cloud-platform"]
[debug] [2021-07-20T15:38:21.201Z] > authorizing via signed-in user (nihilkd@gmail.com)
[info] 
     ######## #### ########  ######## ########     ###     ######  ########
     ##        ##  ##     ## ##       ##     ##  ##   ##  ##       ##
     ######    ##  ########  ######   ########  #########  ######  ######
     ##        ##  ##    ##  ##       ##     ## ##     ##       ## ##
     ##       #### ##     ## ######## ########  ##     ##  ######  ########

You're about to initialize a Firebase project in this directory:

  D:\Nikhil\Portfolio

[debug] [2021-07-20T15:38:22.454Z] <<< [apiv2][status] GET https://firebase-public.firebaseio.com/cli.json 200
[debug] [2021-07-20T15:38:22.455Z] <<< [apiv2][body] GET https://firebase-public.firebaseio.com/cli.json {"cloudBuildErrorAfter":1594252800000,"cloudBuildWarnAfter":1590019200000,"defaultNode10After":1594252800000,"minVersion":"3.0.5","node8DeploysDisabledAfter":1613390400000,"node8RuntimeDisabledAfter":1615809600000,"node8WarnAfter":1600128000000}
